{"C:\\Users\\admin\\Desktop\\Web_Dev\\wedDev_Practice\\JS_Practice1\\JS Testing\\cloneArray.js": {"path":"C:\\Users\\admin\\Desktop\\Web_Dev\\wedDev_Practice\\JS_Practice1\\JS Testing\\cloneArray.js","statementMap":{"0":{"start":{"line":2,"column":4},"end":{"line":2,"column":22}},"1":{"start":{"line":5,"column":0},"end":{"line":5,"column":27}}},"fnMap":{"0":{"name":"cloneArray","decl":{"start":{"line":1,"column":21},"end":{"line":1,"column":31}},"loc":{"start":{"line":1,"column":38},"end":{"line":3,"column":1}},"line":1}},"branchMap":{},"s":{"0":1,"1":1},"f":{"0":1},"b":{},"_coverageSchema":"1a1c01bbd47fc00a2c39e90264f33305004495a9","hash":"c26edc5563975fd331143568b20ddbfe8081007e"}
,"C:\\Users\\admin\\Desktop\\Web_Dev\\wedDev_Practice\\JS_Practice1\\JS Testing\\subtract.js": {"path":"C:\\Users\\admin\\Desktop\\Web_Dev\\wedDev_Practice\\JS_Practice1\\JS Testing\\subtract.js","statementMap":{"0":{"start":{"line":2,"column":4},"end":{"line":2,"column":17}},"1":{"start":{"line":6,"column":0},"end":{"line":6,"column":25}}},"fnMap":{"0":{"name":"subtract","decl":{"start":{"line":1,"column":22},"end":{"line":1,"column":30}},"loc":{"start":{"line":1,"column":35},"end":{"line":3,"column":1}},"line":1}},"branchMap":{},"s":{"0":1,"1":1},"f":{"0":1},"b":{},"_coverageSchema":"1a1c01bbd47fc00a2c39e90264f33305004495a9","hash":"9d4acd5bdfb1f1ffce0ed5da61d3b5c74d3ab6f5"}
,"C:\\Users\\admin\\Desktop\\Web_Dev\\wedDev_Practice\\JS_Practice1\\JS Testing\\sum.js": {"path":"C:\\Users\\admin\\Desktop\\Web_Dev\\wedDev_Practice\\JS_Practice1\\JS Testing\\sum.js","statementMap":{"0":{"start":{"line":3,"column":4},"end":{"line":3,"column":16}},"1":{"start":{"line":7,"column":0},"end":{"line":7,"column":20}}},"fnMap":{"0":{"name":"sum","decl":{"start":{"line":2,"column":21},"end":{"line":2,"column":24}},"loc":{"start":{"line":2,"column":29},"end":{"line":4,"column":1}},"line":2}},"branchMap":{},"s":{"0":1,"1":1},"f":{"0":1},"b":{},"_coverageSchema":"1a1c01bbd47fc00a2c39e90264f33305004495a9","hash":"4726fa34ff1a6f445d110e1b5d368a45d0e55759"}
}
